================================================================================
Appcelerator Titanium Diagnostics Build Log
The contents of this file are useful to send to Appcelerator Support if
reporting an issue to help us understand your environment, build settings
and aid in debugging. Please attach this log to any issue that you report.
================================================================================

Starting build at 08/01/11 17:19

Build details:

   timestamp=05/15/11 17:26
   version=1.7.0
   githash=e6afca8


Script arguments:
   /Library/Application Support/Titanium/mobilesdk/osx/1.7.0.RC1/iphone/builder.py
   simulator
   4.0
   /_iOS-Apps/Mechanix Mobile Glove Guide
   com.mechanix.gg
   Mechanix Mobile Glove Guide
   ipad
   ipad
   

Building from: /Library/Application Support/Titanium/mobilesdk/osx/1.7.0.RC1/iphone
Platform: Darwin Kernel Version 10.8.0: Tue Jun  7 16:32:41 PDT 2011; root:xnu-1504.15.3~1/RELEASE_X86_64

Xcode path is: /Developer


githash=e6afca8, existing_git_hash=e6afca8
writing contents of /_iOS-Apps/Mechanix Mobile Glove Guide/build/iphone/project.xcconfig:

TI_VERSION=1.7.0.RC1
TI_SDK_DIR=/Library/Application Support/Titanium/mobilesdk/osx/$(TI_VERSION)/iphone
TI_APPID=com.mechanix.gg
OTHER_LDFLAGS[sdk=iphoneos4*]=$(inherited) -weak_framework iAd
OTHER_LDFLAGS[sdk=iphonesimulator4*]=$(inherited) -weak_framework iAd
#include "module"

old contents


+ writing debugger plist:

<?xml version="1.0" encoding="UTF-8"?>
<!DOCTYPE plist PUBLIC "-//Apple//DTD PLIST 1.0//EN" "http://www.apple.com/DTDs/PropertyList-1.0.dtd">
<plist version="1.0">
<dict>
	<key>host</key>
	<string></string>
	<key>port</key>
	<string></string>
</dict>
</plist>


Generated the following stylecode code:

<?xml version="1.0" encoding="UTF-8"?>
<!DOCTYPE plist PUBLIC "-//Apple//DTD PLIST 1.0//EN" "http://www.apple.com/DTDs/PropertyList-1.0.dtd">
<plist version="1.0">
	<dict>
		<key>classes</key>
		<dict>
</dict>

		<key>classes_density</key>
		<dict>
</dict>

		<key>ids</key>
		<dict>
</dict>

		<key>ids_density</key>
		<dict>
</dict>

		<key>tags</key>
		<dict>
</dict>

		<key>tags_density</key>
		<dict>
</dict>

	</dict>
</plist>
Finishing build
